<?xml version="1.0" encoding="UTF-8"?>
<!-- Generated by org.testng.reporters.JUnitReportReporter -->
<testsuite skipped="0" hostname="DESKTOP-GEFL1HO" name="com.qa.crm.testcases.LoginPageTest" tests="2" failures="0" timestamp="2021-04-22T17:36:55 IST" time="92.299" errors="0">
  <testcase name="validateLoginPgeTitleTest" time="47.692" classname="com.qa.crm.testcases.LoginPageTest"/>
  <system-out/>
  <testcase name="loginTest" time="44.607" classname="com.qa.crm.testcases.LoginPageTest"/>
  <system-out/>
</testsuite> <!-- com.qa.crm.testcases.LoginPageTest -->
