<?xml version="1.0" encoding="UTF-8"?>
<!-- Generated by org.testng.reporters.JUnitReportReporter -->
<testsuite skipped="0" hostname="DESKTOP-GEFL1HO" name="com.qa.crm.testcases.ContactsPageTest" tests="2" failures="0" timestamp="2021-04-22T17:36:55 IST" time="15.691" errors="0">
  <testcase name="createNewContactTest" time="7.264" classname="com.qa.crm.testcases.ContactsPageTest"/>
  <system-out/>
  <testcase name="clickOnNewContactsLinkTest" time="8.427" classname="com.qa.crm.testcases.ContactsPageTest"/>
  <system-out/>
</testsuite> <!-- com.qa.crm.testcases.ContactsPageTest -->
