<?xml version="1.0" encoding="UTF-8"?>
<!-- Generated by org.testng.reporters.JUnitReportReporter -->
<testsuite skipped="0" hostname="DESKTOP-GEFL1HO" name="classic.TestNG" tests="2" failures="0" timestamp="2021-04-15T19:01:01 IST" time="0.036" errors="0">
  <testcase name="test1" time="0.030" classname="classic.TestNG"/>
  <system-out/>
  <testcase name="test4" time="0.006" classname="classic.TestNG"/>
  <system-out/>
</testsuite> <!-- classic.TestNG -->
