<?xml version="1.0" encoding="UTF-8"?>
<!-- Generated by org.testng.reporters.JUnitReportReporter -->
<testsuite skipped="0" hostname="DESKTOP-GEFL1HO" name="classic.Launch" tests="1" failures="0" timestamp="2021-04-13T17:58:55 IST" time="41.626" errors="0">
  <testcase name="login" time="41.626" classname="classic.Launch"/>
  <system-out/>
</testsuite> <!-- classic.Launch -->
